[    0.000000] Initializing cgroup subsys cpuset
[    0.000000] Initializing cgroup subsys cpu
[    0.000000] Initializing cgroup subsys cpuacct
[    0.000000] Linux version 4.4.0-89-generic (buildd@lgw01-18) (gcc version 5.4.0 20160609 (Ubuntu 5.4.0-6ubuntu1~16.04.4) ) #112-Ubuntu SMP Mon Jul 31 19:38:41 UTC 2017 (Ubuntu 4.4.0-89.112-generic 4.4.76)
[    0.000000] Command line: BOOT_IMAGE=/boot/vmlinuz-4.4.0-89-generic root=LABEL=cloudimg-rootfs ro console=tty1 console=ttyS0
[    0.000000] KERNEL supported cpus:
[    0.000000]   Intel GenuineIntel
[    0.000000]   AMD AuthenticAMD
[    0.000000]   Centaur CentaurHauls
[    0.000000] x86/fpu: xstate_offset[2]:  576, xstate_sizes[2]:  256
[    0.000000] x86/fpu: Supporting XSAVE feature 0x01: 'x87 floating point registers'
[    0.000000] x86/fpu: Supporting XSAVE feature 0x02: 'SSE registers'
[    0.000000] x86/fpu: Supporting XSAVE feature 0x04: 'AVX registers'
[    0.000000] x86/fpu: Enabled xstate features 0x7, context size is 832 bytes, using 'standard' format.
[    0.000000] x86/fpu: Using 'lazy' FPU context switches.
[    0.000000] e820: BIOS-provided physical RAM map:
[    0.000000] BIOS-e820: [mem 0x0000000000000000-0x000000000009fbff] usable
[    0.000000] BIOS-e820: [mem 0x000000000009fc00-0x000000000009ffff] reserved
[    0.000000] BIOS-e820: [mem 0x00000000000f0000-0x00000000000fffff] reserved
[    0.000000] BIOS-e820: [mem 0x0000000000100000-0x000000003ffeffff] usable
[    0.000000] BIOS-e820: [mem 0x000000003fff0000-0x000000003fffffff] ACPI data
[    0.000000] BIOS-e820: [mem 0x00000000fec00000-0x00000000fec00fff] reserved
[    0.000000] BIOS-e820: [mem 0x00000000fee00000-0x00000000fee00fff] reserved
[    0.000000] BIOS-e820: [mem 0x00000000fffc0000-0x00000000ffffffff] reserved
[    0.000000] NX (Execute Disable) protection: active
[    0.000000] SMBIOS 2.5 present.
[    0.000000] Hypervisor detected: KVM
[    0.000000] e820: last_pfn = 0x3fff0 max_arch_pfn = 0x400000000
[    0.000000] MTRR: Disabled
[    0.000000] x86/PAT: MTRRs disabled, skipping PAT initialization too.
[    0.000000] x86/PAT: Configuration [0-7]: WB  WT  UC- UC  WB  WT  UC- UC  
[    0.000000] CPU MTRRs all blank - virtualized system.
[    0.000000] found SMP MP-table at [mem 0x0009fff0-0x0009ffff] mapped at [ffff88000009fff0]
[    0.000000] Scanning 1 areas for low memory corruption
[    0.000000] RAMDISK: [mem 0x36ac4000-0x37559fff]
[    0.000000] ACPI: Early table checksum verification disabled
[    0.000000] ACPI: RSDP 0x00000000000E0000 000024 (v02 VBOX  )
[    0.000000] ACPI: XSDT 0x000000003FFF0030 00003C (v01 VBOX   VBOXXSDT 00000001 ASL  00000061)
[    0.000000] ACPI: FACP 0x000000003FFF00F0 0000F4 (v04 VBOX   VBOXFACP 00000001 ASL  00000061)
[    0.000000] ACPI: DSDT 0x000000003FFF0470 0021C8 (v02 VBOX   VBOXBIOS 00000002 INTL 20100528)
[    0.000000] ACPI: FACS 0x000000003FFF0200 000040
[    0.000000] ACPI: FACS 0x000000003FFF0200 000040
[    0.000000] ACPI: APIC 0x000000003FFF0240 00005C (v02 VBOX   VBOXAPIC 00000001 ASL  00000061)
[    0.000000] ACPI: SSDT 0x000000003FFF02A0 0001CC (v01 VBOX   VBOXCPUT 00000002 INTL 20100528)
[    0.000000] No NUMA configuration found
[    0.000000] Faking a node at [mem 0x0000000000000000-0x000000003ffeffff]
[    0.000000] NODE_DATA(0) allocated [mem 0x3ffeb000-0x3ffeffff]
[    0.000000] kvm-clock: Using msrs 4b564d01 and 4b564d00
[    0.000000] kvm-clock: cpu 0, msr 0:3ffe3001, primary cpu clock
[    0.000000] kvm-clock: using sched offset of 3149950770 cycles
[    0.000000] clocksource: kvm-clock: mask: 0xffffffffffffffff max_cycles: 0x1cd42e4dffb, max_idle_ns: 881590591483 ns
[    0.000000] Zone ranges:
[    0.000000]   DMA      [mem 0x0000000000001000-0x0000000000ffffff]
[    0.000000]   DMA32    [mem 0x0000000001000000-0x000000003ffeffff]
[    0.000000]   Normal   empty
[    0.000000]   Device   empty
[    0.000000] Movable zone start for each node
[    0.000000] Early memory node ranges
[    0.000000]   node   0: [mem 0x0000000000001000-0x000000000009efff]
[    0.000000]   node   0: [mem 0x0000000000100000-0x000000003ffeffff]
[    0.000000] Initmem setup node 0 [mem 0x0000000000001000-0x000000003ffeffff]
[    0.000000] ACPI: PM-Timer IO Port: 0x4008
[    0.000000] IOAPIC[0]: apic_id 2, version 32, address 0xfec00000, GSI 0-23
[    0.000000] ACPI: INT_SRC_OVR (bus 0 bus_irq 0 global_irq 2 dfl dfl)
[    0.000000] ACPI: INT_SRC_OVR (bus 0 bus_irq 9 global_irq 9 high level)
[    0.000000] Using ACPI (MADT) for SMP configuration information
[    0.000000] smpboot: Allowing 2 CPUs, 0 hotplug CPUs
[    0.000000] PM: Registered nosave memory: [mem 0x00000000-0x00000fff]
[    0.000000] PM: Registered nosave memory: [mem 0x0009f000-0x0009ffff]
[    0.000000] PM: Registered nosave memory: [mem 0x000a0000-0x000effff]
[    0.000000] PM: Registered nosave memory: [mem 0x000f0000-0x000fffff]
[    0.000000] e820: [mem 0x40000000-0xfebfffff] available for PCI devices
[    0.000000] Booting paravirtualized kernel on KVM
[    0.000000] clocksource: refined-jiffies: mask: 0xffffffff max_cycles: 0xffffffff, max_idle_ns: 7645519600211568 ns
[    0.000000] setup_percpu: NR_CPUS:512 nr_cpumask_bits:512 nr_cpu_ids:2 nr_node_ids:1
[    0.000000] PERCPU: Embedded 33 pages/cpu @ffff88003fc00000 s98264 r8192 d28712 u1048576
[    0.000000] PV qspinlock hash table entries: 256 (order: 0, 4096 bytes)
[    0.000000] Built 1 zonelists in Node order, mobility grouping on.  Total pages: 257913
[    0.000000] Policy zone: DMA32
[    0.000000] Kernel command line: BOOT_IMAGE=/boot/vmlinuz-4.4.0-89-generic root=LABEL=cloudimg-rootfs ro console=tty1 console=ttyS0
[    0.000000] PID hash table entries: 4096 (order: 3, 32768 bytes)
[    0.000000] Memory: 1001736K/1048120K available (8474K kernel code, 1294K rwdata, 3984K rodata, 1488K init, 1316K bss, 46384K reserved, 0K cma-reserved)
[    0.000000] SLUB: HWalign=64, Order=0-3, MinObjects=0, CPUs=2, Nodes=1
[    0.000000] Hierarchical RCU implementation.
[    0.000000] 	Build-time adjustment of leaf fanout to 64.
[    0.000000] 	RCU restricting CPUs from NR_CPUS=512 to nr_cpu_ids=2.
[    0.000000] RCU: Adjusting geometry for rcu_fanout_leaf=64, nr_cpu_ids=2
[    0.000000] NR_IRQS:33024 nr_irqs:440 16
[    0.000000] Console: colour VGA+ 80x25
[    0.000000] console [tty1] enabled
[    0.000000] console [ttyS0] enabled
[    0.000000] tsc: Detected 1599.999 MHz processor
[    3.563077] Calibrating delay loop (skipped) preset value.. 3199.99 BogoMIPS (lpj=6399996)
[    3.648241] pid_max: default: 32768 minimum: 301
[    3.663617] ACPI: Core revision 20150930
[    3.671383] ACPI: 2 ACPI AML tables successfully acquired and loaded
[    3.706437] Security Framework initialized
[    3.733626] Yama: becoming mindful.
[    3.753887] AppArmor: AppArmor initialized
[    3.789641] Dentry cache hash table entries: 131072 (order: 8, 1048576 bytes)
[    3.866401] Inode-cache hash table entries: 65536 (order: 7, 524288 bytes)
[    3.942665] Mount-cache hash table entries: 2048 (order: 2, 16384 bytes)
[    4.019215] Mountpoint-cache hash table entries: 2048 (order: 2, 16384 bytes)
[    4.101733] Initializing cgroup subsys io
[    4.142042] Initializing cgroup subsys memory
[    4.189330] Initializing cgroup subsys devices
[    4.217467] Initializing cgroup subsys freezer
[    4.247186] Initializing cgroup subsys net_cls
[    4.304351] Initializing cgroup subsys perf_event
[    4.356417] Initializing cgroup subsys net_prio
[    4.415273] Initializing cgroup subsys hugetlb
[    4.455307] Initializing cgroup subsys pids
[    4.501862] CPU: Physical Processor ID: 0
[    4.544226] CPU: Processor Core ID: 0
[    4.579356] mce: CPU supports 0 MCE banks
[    4.633817] Last level iTLB entries: 4KB 64, 2MB 8, 4MB 8
[    4.705941] Last level dTLB entries: 4KB 64, 2MB 0, 4MB 0, 1GB 4
[    4.728626] Freeing SMP alternatives memory: 32K (ffffffff820b9000 - ffffffff820c1000)
[    4.792141] ftrace: allocating 32131 entries in 126 pages
[    4.862258] smpboot: APIC(0) Converting physical 0 to logical package 0
[    4.911096] smpboot: Max logical packages: 1
[    4.955463] x2apic enabled
[    4.993740] Switched APIC routing to physical x2apic.
[    5.008231] ..TIMER: vector=0x30 apic1=0 pin1=2 apic2=-1 pin2=-1
[    5.201655] smpboot: CPU0: Intel(R) Core(TM) i5-5250U CPU @ 1.60GHz (family: 0x6, model: 0x3d, stepping: 0x4)
[    5.303035] Performance Events: unsupported p6 CPU model 61 no PMU driver, software events only.
[    5.391792] KVM setup paravirtual spinlock
[    5.416095] x86: Booting SMP configuration:
[    5.475474] .... node  #0, CPUs:      #1
[    5.520744] kvm-clock: cpu 1, msr 0:3ffe3041, secondary cpu clock
[    5.537895] mce: CPU supports 0 MCE banks
[    5.540757] x86: Booted up 1 node, 2 CPUs
[    5.578751] smpboot: Total of 2 processors activated (6399.99 BogoMIPS)
[    5.635241] devtmpfs: initialized
[    5.657056] evm: security.selinux
[    5.681095] evm: security.SMACK64
[    5.683885] evm: security.SMACK64EXEC
[    5.722888] evm: security.SMACK64TRANSMUTE
[    5.755638] evm: security.SMACK64MMAP
[    5.794716] evm: security.ima
[    5.822032] evm: security.capability
[    5.837168] clocksource: jiffies: mask: 0xffffffff max_cycles: 0xffffffff, max_idle_ns: 7645041785100000 ns
[    5.868569] futex hash table entries: 512 (order: 3, 32768 bytes)
[    5.898078] pinctrl core: initialized pinctrl subsystem
[    5.909808] RTC time: 12:49:56, date: 08/07/17
[    5.935911] NET: Registered protocol family 16
[    5.960097] cpuidle: using governor ladder
[    5.992211] cpuidle: using governor menu
[    6.018970] PCCT header not found.
[    6.020095] ACPI: bus type PCI registered
[    6.051906] acpiphp: ACPI Hot Plug PCI Controller Driver version: 0.5
[    6.077453] PCI: Using configuration type 1 for base access
[    6.143526] ACPI: Added _OSI(Module Device)
[    6.166469] ACPI: Added _OSI(Processor Device)
[    6.198567] ACPI: Added _OSI(3.0 _SCP Extensions)
[    6.237381] ACPI: Added _OSI(Processor Aggregator Device)
[    6.270022] ACPI: Executed 1 blocks of module-level executable AML code
[    6.322794] ACPI: Interpreter enabled
[    6.346779] ACPI: (supports S0 S5)
[    6.366236] ACPI: Using IOAPIC for interrupt routing
[    6.379708] PCI: Using host bridge windows from ACPI; if necessary, use "pci=nocrs" and report a bug
[    6.430725] ACPI: PCI Root Bridge [PCI0] (domain 0000 [bus 00-ff])
[    6.478372] acpi PNP0A03:00: _OSC: OS supports [ASPM ClockPM Segments MSI]
[    6.550586] acpi PNP0A03:00: _OSC failed (AE_NOT_FOUND); disabling ASPM
[    6.554956] acpi PNP0A03:00: fail to add MMCONFIG information, can't access extended PCI configuration space under this bridge.
[    6.618106] PCI host bridge to bus 0000:00
[    6.641122] pci_bus 0000:00: root bus resource [io  0x0000-0x0cf7 window]
[    6.655162] pci_bus 0000:00: root bus resource [io  0x0d00-0xffff window]
[    6.659947] pci_bus 0000:00: root bus resource [mem 0x000a0000-0x000bffff window]
[    6.672881] pci_bus 0000:00: root bus resource [mem 0x40000000-0xffdfffff window]
[    6.685515] pci_bus 0000:00: root bus resource [bus 00-ff]
[    6.689044] pci 0000:00:01.1: legacy IDE quirk: reg 0x10: [io  0x01f0-0x01f7]
[    6.692179] pci 0000:00:01.1: legacy IDE quirk: reg 0x14: [io  0x03f6]
[    6.694014] pci 0000:00:01.1: legacy IDE quirk: reg 0x18: [io  0x0170-0x0177]
[    6.696212] pci 0000:00:01.1: legacy IDE quirk: reg 0x1c: [io  0x0376]
[    6.739436] pci 0000:00:07.0: quirk: [io  0x4000-0x403f] claimed by PIIX4 ACPI
[    6.775819] pci 0000:00:07.0: quirk: [io  0x4100-0x410f] claimed by PIIX4 SMB
[    6.814831] ACPI: PCI Interrupt Link [LNKA] (IRQs 5 9 10 *11)
[    6.879289] ACPI: PCI Interrupt Link [LNKB] (IRQs 5 9 10 *11)
[    6.924579] ACPI: PCI Interrupt Link [LNKC] (IRQs 5 9 *10 11)
[    6.952240] ACPI: PCI Interrupt Link [LNKD] (IRQs 5 *9 10 11)
[    7.001854] ACPI: Enabled 2 GPEs in block 00 to 07
[    7.029843] vgaarb: setting as boot device: PCI:0000:00:02.0
[    7.040658] vgaarb: device added: PCI:0000:00:02.0,decodes=io+mem,owns=io+mem,locks=none
[    7.045360] vgaarb: loaded
[    7.046293] vgaarb: bridge control possible 0000:00:02.0
[    7.080909] SCSI subsystem initialized
[    7.096689] ACPI: bus type USB registered
[    7.123147] usbcore: registered new interface driver usbfs
[    7.154951] usbcore: registered new interface driver hub
[    7.199330] usbcore: registered new device driver usb
[    7.213630] PCI: Using ACPI for IRQ routing
[    7.238878] NetLabel: Initializing
[    7.245000] NetLabel:  domain hash size = 128
[    7.254240] NetLabel:  protocols = UNLABELED CIPSOv4
[    7.303328] NetLabel:  unlabeled traffic allowed by default
[    7.341012] amd_nb: Cannot enumerate AMD northbridges
[    7.365275] clocksource: Switched to clocksource kvm-clock
[    7.376340] AppArmor: AppArmor Filesystem Enabled
[    7.400336] pnp: PnP ACPI init
[    7.402296] pnp: PnP ACPI: found 3 devices
[    7.455225] clocksource: acpi_pm: mask: 0xffffff max_cycles: 0xffffff, max_idle_ns: 2085701024 ns
[    7.482543] NET: Registered protocol family 2
[    7.528530] TCP established hash table entries: 8192 (order: 4, 65536 bytes)
[    7.578248] TCP bind hash table entries: 8192 (order: 5, 131072 bytes)
[    7.637455] TCP: Hash tables configured (established 8192 bind 8192)
[    7.688941] UDP hash table entries: 512 (order: 2, 16384 bytes)
[    7.690441] UDP-Lite hash table entries: 512 (order: 2, 16384 bytes)
[    7.692058] NET: Registered protocol family 1
[    7.693316] pci 0000:00:00.0: Limiting direct PCI/PCI transfers
[    7.716817] pci 0000:00:01.0: Activating ISA DMA hang workarounds
[    7.742809] Unpacking initramfs...
[    9.932036] Freeing initrd memory: 10840K (ffff880036ac4000 - ffff88003755a000)
[    9.959919] RAPL PMU detected, API unit is 2^-32 Joules, 4 fixed counters 10737418240 ms ovfl timer
[    9.983617] hw unit of domain pp0-core 2^-0 Joules
[   10.045478] hw unit of domain package 2^-0 Joules
[   10.106315] hw unit of domain dram 2^-0 Joules
[   10.188588] hw unit of domain pp1-gpu 2^-0 Joules
[   10.229678] platform rtc_cmos: registered platform RTC device (no PNP device found)
[   10.349776] Scanning for low memory corruption every 60 seconds
[   10.352035] audit: initializing netlink subsys (disabled)
[   10.365982] audit: type=2000 audit(1502110198.209:1): initialized
[   10.400322] Initialise system trusted keyring
[   10.401823] HugeTLB registered 2 MB page size, pre-allocated 0 pages
[   10.405375] zbud: loaded
[   10.418580] VFS: Disk quotas dquot_6.6.0
[   10.435808] VFS: Dquot-cache hash table entries: 512 (order 0, 4096 bytes)
[   10.447112] squashfs: version 4.0 (2009/01/31) Phillip Lougher
[   10.464562] fuse init (API version 7.23)
[   10.474356] Key type big_key registered
[   10.483943] Allocating IMA MOK and blacklist keyrings.
[   10.497233] Key type asymmetric registered
[   10.548372] Asymmetric key parser 'x509' registered
[   10.611683] Block layer SCSI generic (bsg) driver version 0.4 loaded (major 249)
[   10.650547] io scheduler noop registered
[   10.697949] io scheduler deadline registered (default)
[   10.738922] io scheduler cfq registered
[   10.742810] pci_hotplug: PCI Hot Plug PCI Core version: 0.5
[   10.744219] pciehp: PCI Express Hot Plug Controller Driver version: 0.4
[   10.746265] ACPI: AC Adapter [AC] (off-line)
[   10.823935] input: Power Button as /devices/LNXSYSTM:00/LNXPWRBN:00/input/input0
[   10.946692] ACPI: Power Button [PWRF]
[   10.969067] input: Sleep Button as /devices/LNXSYSTM:00/LNXSLPBN:00/input/input1
[   11.022944] ACPI: Sleep Button [SLPF]
[   11.026218] ACPI: Battery Slot [BAT0] (battery present)
[   11.084744] GHES: HEST is not enabled!
[   11.118079] Serial: 8250/16550 driver, 32 ports, IRQ sharing enabled
ÿ[   11.231553] 00:02: ttyS0 at I/O 0x3f8 (irq = 4, base_baud = 115200) is a 16550A
[   11.311530] tsc: Refined TSC clocksource calibration: 1598.958 MHz
[   11.313334] clocksource: tsc: mask: 0xffffffffffffffff max_cycles: 0x170c4ca29cc, max_idle_ns: 440795221687 ns
[   11.318600] Linux agpgart interface v0.103
[   11.322268] loop: module loaded
[   11.395415] scsi host0: ata_piix
[   11.437687] scsi host1: ata_piix
[   11.474680] ata1: PATA max UDMA/33 cmd 0x1f0 ctl 0x3f6 bmdma 0xd000 irq 14
[   11.538640] ata2: PATA max UDMA/33 cmd 0x170 ctl 0x376 bmdma 0xd008 irq 15
[   11.560728] libphy: Fixed MDIO Bus: probed
[   11.587376] tun: Universal TUN/TAP device driver, 1.6
[   11.599073] tun: (C) 1999-2004 Max Krasnyansky <maxk@qualcomm.com>
[   11.623616] PPP generic driver version 2.4.2
[   11.626913] ehci_hcd: USB 2.0 'Enhanced' Host Controller (EHCI) Driver
[   11.698753] ehci-pci: EHCI PCI platform driver
[   11.746542] ehci-platform: EHCI generic platform driver
[   11.747943] ohci_hcd: USB 1.1 'Open' Host Controller (OHCI) Driver
[   11.749473] ohci-pci: OHCI PCI platform driver
[   11.781319] ohci-platform: OHCI generic platform driver
[   11.837160] uhci_hcd: USB Universal Host Controller Interface driver
[   11.923000] i8042: PNP: PS/2 Controller [PNP0303:PS2K,PNP0f03:PS2M] at 0x60,0x64 irq 1,12
[   12.038237] serio: i8042 KBD port at 0x60,0x64 irq 1
[   12.117865] serio: i8042 AUX port at 0x60,0x64 irq 12
[   12.208925] mousedev: PS/2 mouse device common for all mice
[   12.224125] input: AT Translated Set 2 keyboard as /devices/platform/i8042/serio0/input/input2
[   12.314899] rtc_cmos rtc_cmos: rtc core: registered rtc_cmos as rtc0
[   12.355932] rtc_cmos rtc_cmos: alarms up to one day, 114 bytes nvram
[   12.402115] i2c /dev entries driver
[   12.425795] device-mapper: uevent: version 1.0.3
[   12.471430] device-mapper: ioctl: 4.34.0-ioctl (2015-10-28) initialised: dm-devel@redhat.com
[   12.499033] ledtrig-cpu: registered to indicate activity on CPUs
[   12.568607] NET: Registered protocol family 10
[   12.576633] NET: Registered protocol family 17
[   12.588078] Key type dns_resolver registered
[   12.612506] microcode: CPU0 sig=0x306d4, pf=0x40, revision=0x0
[   12.687640] microcode: CPU1 sig=0x306d4, pf=0x40, revision=0x0
[   12.707426] microcode: Microcode Update Driver: v2.01 <tigran@aivazian.fsnet.co.uk>, Peter Oruba
[   12.716531] registered taskstats version 1
[   12.726260] Loading compiled-in X.509 certificates
[   12.759089] Loaded X.509 cert 'Build time autogenerated kernel key: 420a71e958a947963108b13c1c2e45412a03ca90'
[   12.762014] zswap: loaded using pool lzo/zbud
[   12.814041] Key type trusted registered
[   12.859650] Key type encrypted registered
[   12.873717] AppArmor: AppArmor sha1 policy hashing enabled
[   12.952359] ima: No TPM chip found, activating TPM-bypass!
[   12.955198] evm: HMAC attrs: 0x1
[   12.962294]   Magic number: 13:596:834
[   12.971839] rtc_cmos rtc_cmos: setting system clock to 2017-08-07 12:50:03 UTC (1502110203)
[   12.974380] BIOS EDD facility v0.16 2004-Jun-25, 0 devices found
[   13.006172] EDD information not available.
[   13.025310] Freeing unused kernel memory: 1488K (ffffffff81f45000 - ffffffff820b9000)
[   13.042877] Write protecting the kernel read-only data: 14336k
[   13.045232] Freeing unused kernel memory: 1752K (ffff88000184a000 - ffff880001a00000)
[   13.064831] Freeing unused kernel memory: 112K (ffff880001de4000 - ffff880001e00000)
Loading, please wait...
starting version 229
[   13.089500] random: systemd-udevd: uninitialized urandom read (16 bytes read, 7 bits of entropy available)
[   13.089879] random: udevadm: uninitialized urandom read (16 bytes read, 7 bits of entropy available)
[   13.089917] random: udevadm: uninitialized urandom read (16 bytes read, 7 bits of entropy available)
[   13.090036] random: udevadm: uninitialized urandom read (16 bytes read, 7 bits of entropy available)
[   13.090078] random: udevadm: uninitialized urandom read (16 bytes read, 7 bits of entropy available)
[   13.090118] random: udevadm: uninitialized urandom read (16 bytes read, 7 bits of entropy available)
[   13.090169] random: udevadm: uninitialized urandom read (16 bytes read, 7 bits of entropy available)
[   13.090211] random: udevadm: uninitialized urandom read (16 bytes read, 7 bits of entropy available)
[   13.090249] random: udevadm: uninitialized urandom read (16 bytes read, 7 bits of entropy available)
[   13.090287] random: udevadm: uninitialized urandom read (16 bytes read, 7 bits of entropy available)
[   13.689087] e1000: Intel(R) PRO/1000 Network Driver - version 7.3.21-k8-NAPI
[   13.693987] e1000: Copyright (c) 1999-2006 Intel Corporation.
[   13.703312] Fusion MPT base driver 3.04.20
[   13.710501] Copyright (c) 1999-2008 LSI Corporation
[   13.728577] AVX version of gcm_enc/dec engaged.
[   13.772373] AES CTR mode by8 optimization enabled
[   13.808335] Fusion MPT SPI Host driver 3.04.20
[   13.925455] input: ImExPS/2 Generic Explorer Mouse as /devices/platform/i8042/serio1/input/input4
[   14.158572] e1000 0000:00:03.0 eth0: (PCI:33MHz:32-bit) 02:c0:e2:3c:71:11
[   14.196061] e1000 0000:00:03.0 eth0: Intel(R) PRO/1000 Network Connection
[   14.244828] mptbase: ioc0: Initiating bringup
[   14.358779] ioc0: LSI53C1030 A0: Capabilities={Initiator}
[   14.632958] scsi host2: ioc0: LSI53C1030 A0, FwRev=00000000h, Ports=1, MaxQ=256, IRQ=20
[   14.878480] scsi 2:0:0:0: Direct-Access     VBOX     HARDDISK         1.0  PQ: 0 ANSI: 5
[   14.919775] scsi target2:0:0: Beginning Domain Validation
[   14.959414] scsi target2:0:0: Domain Validation skipping write tests
[   15.014019] scsi target2:0:0: Ending Domain Validation
[   15.015758] scsi target2:0:0: asynchronous
[   15.030206] scsi 2:0:1:0: Direct-Access     VBOX     HARDDISK         1.0  PQ: 0 ANSI: 5
[   15.054084] scsi target2:0:1: Beginning Domain Validation
[   15.056940] scsi target2:0:1: Domain Validation skipping write tests
[   15.071611] scsi target2:0:1: Ending Domain Validation
[   15.098740] scsi target2:0:1: asynchronous
[   15.142431] sd 2:0:0:0: Attached scsi generic sg0 type 0
[   15.164290] sd 2:0:0:0: [sda] 20971520 512-byte logical blocks: (10.7 GB/10.0 GiB)
[   15.178811] sd 2:0:0:0: [sda] Write Protect is off
[   15.180401] sd 2:0:0:0: [sda] Incomplete mode parameter data
[   15.182029] sd 2:0:0:0: [sda] Assuming drive cache: write through
[   15.207586] sd 2:0:1:0: [sdb] 20480 512-byte logical blocks: (10.5 MB/10.0 MiB)
[   15.210722] sd 2:0:1:0: [sdb] Write Protect is off
[   15.213284] sd 2:0:1:0: Attached scsi generic sg1 type 0
[   15.215005] sd 2:0:1:0: [sdb] Incomplete mode parameter data
[   15.216665] sd 2:0:1:0: [sdb] Assuming drive cache: write through
[   15.239046]  sda: sda1
[   15.240852] sd 2:0:1:0: [sdb] Attached SCSI disk
[   15.243567] sd 2:0:0:0: [sda] Attached SCSI disk
[   15.370310] e1000 0000:00:08.0 eth1: (PCI:33MHz:32-bit) 08:00:27:0d:77:e8
[   15.438568] e1000 0000:00:08.0 eth1: Intel(R) PRO/1000 Network Connection
[   15.563028] e1000 0000:00:03.0 enp0s3: renamed from eth0
[   15.634132] e1000 0000:00:08.0 enp0s8: renamed from eth1
[   16.730256] floppy0: no floppy controllers found
Begin: Loading e[   18.178619] md: linear personality registered for level -1
ssential drivers ... [   18.203914] md: multipath personality registered for level -4
[   18.262699] md: raid0 personality registered for level 0
[   18.293698] md: raid1 personality registered for level 1
[   18.393646] raid6: sse2x1   gen()  6174 MB/s
[   18.514561] raid6: sse2x1   xor()  5769 MB/s
[   18.629687] raid6: sse2x2   gen()  9776 MB/s
[   18.725356] raid6: sse2x2   xor()  6583 MB/s
[   18.821330] raid6: sse2x4   gen() 10949 MB/s
[   18.921476] raid6: sse2x4   xor()  7896 MB/s
[   18.934731] raid6: using algorithm sse2x4 gen() 10949 MB/s
[   18.957178] raid6: .... xor() 7896 MB/s, rmw enabled
[   18.961056] raid6: using ssse3x2 recovery algorithm
[   18.996813] xor: automatically using best checksumming function:
[   19.097731]    avx       : 17577.000 MB/sec
[   19.116570] async_tx: api initialized (async)
[   19.153371] md: raid6 personality registered for level 6
[   19.194324] md: raid5 personality registered for level 5
[   19.231599] md: raid4 personality registered for level 4
[   19.283812] md: raid10 personality registered for level 10
done.
Begin: Running /scripts/init-premount ... done.
Begin: Mounting root file system ... Begin: Running /scripts/local-top ... done.
Begin: Running /scripts/local-premount ... [   19.363732] Btrfs loaded
Scanning for Btrfs filesystems
done.
Warning: fsck no[   19.423361] EXT4-fs (sda1): mounted filesystem with ordered data mode. Opts: (null)
t present, so skipping root file system
done.
Begin: Running /scripts/local-bottom ... done.
Begin: Running /scripts/init-bottom ... done.
[   19.532684] systemd[1]: systemd 229 running in system mode. (+PAM +AUDIT +SELINUX +IMA +APPARMOR +SMACK +SYSVINIT +UTMP +LIBCRYPTSETUP +GCRYPT +GNUTLS +ACL +XZ -LZ4 +SECCOMP +BLKID +ELFUTILS +KMOD -IDN)
[   19.647242] systemd[1]: Detected virtualization oracle.
[   19.694019] systemd[1]: Detected architecture x86-64.

Welcome to [1mUbuntu 16.04.3 LTS[0m!

[   19.770160] systemd[1]: Set hostname to <ubuntu>.
[   19.782165] systemd[1]: Initializing machine ID from random generator.
[   19.794626] systemd[1]: Installed transient /etc/machine-id file.
[   19.936325] systemd[1]: Listening on /dev/initctl Compatibility Named Pipe.
[[0;32m  OK  [0m] Listening on /dev/initctl Compatibility Named Pipe.
[   20.041840] systemd[1]: Started Forward Password Requests to Wall Directory Watch.
[[0;32m  OK  [0m] Started Forward Password Requests to Wall Directory Watch.
[   20.150033] systemd[1]: Reached target User and Group Name Lookups.
[[0;32m  OK  [0m] Reached target User and Group Name Lookups.
[   20.317797] systemd[1]: Listening on Device-mapper event daemon FIFOs.
[[0;32m  OK  [0m] Listening on Device-mapper event daemon FIFOs.
[   20.398183] systemd[1]: Reached target Swap.
[[0;32m  OK  [0m] Reached target Swap.
[   20.429824] systemd[1]: Listening on Journal Audit Socket.
[[0;32m  OK  [0m] Listening on Journal Audit Socket.
[   20.497625] systemd[1]: Listening on udev Control Socket.
[[0;32m  OK  [0m] Listening on udev Control Socket.
[   20.515214] systemd[1]: Reached target Encrypted Volumes.
[[0;32m  OK  [0m] Reached target Encrypted Volumes.
[   20.524555] systemd[1]: Listening on LVM2 metadata daemon socket.
[[0;32m  OK  [0m] Listening on LVM2 metadata daemon socket.
[   20.582485] systemd[1]: Created slice User and Session Slice.
[[0;32m  OK  [0m] Created slice User and Session Slice.
[   20.658679] systemd[1]: Created slice System Slice.
[[0;32m  OK  [0m] Created slice System Slice.
[   20.782324] systemd[1]: Created slice system-serial\x2dgetty.slice.
[[0;32m  OK  [0m] Created slice system-serial\x2dgetty.slice.
[   20.824518] systemd[1]: Started Trigger resolvconf update for networkd DNS.
[[0;32m  OK  [0m] Started Trigger resolvconf update for networkd DNS.
[   20.914074] systemd[1]: Listening on Journal Socket.
[[0;32m  OK  [0m] Listening on Journal Socket.
[   21.030038] systemd[1]: Starting Monitoring of LVM2 mirrors, snapshots etc. using dmeventd or progress polling...
[   21.090384] random: nonblocking pool is initialized
         Starting Monitoring of LVM2 mirrors... dmeventd or progress polling...
[   21.225897] systemd[1]: Mounting Huge Pages File System...
         Mounting Huge Pages File System...
[   21.260830] systemd[1]: Starting Set console keymap...
         Starting Set console keymap...
[   21.325250] systemd[1]: Starting Remount Root and Kernel File Systems...
         [   21.337574] EXT4-fs (sda1): re-mounted. Opts: (null)
Starting Remount Root and Kernel File Systems...
[   21.425612] systemd[1]: Starting Uncomplicated firewall...
         Starting Uncomplicated firewall...
[   21.499063] systemd[1]: Mounting POSIX Message Queue File System...
         Mounting POSIX Message Queue File System...
[   21.535613] systemd[1]: Starting Load Kernel Modules...
         Starting Load Ke[   21.597023] Loading iSCSI transport class v2.0-870.
rnel Modules...
[   21.631089] systemd[1]: Listening on Journal Socket (/dev/log).
[[0;32m  OK  [0m] Listening on [   21.662278] iscsi: registered transport (tcp)
Journal Socket (/dev/log).
[   21.717754] systemd[1]: Starting Create list of required static device nodes for the current kernel...
[   21.755774] iscsi: registered transport (iser)
         Starting Create list of required st... nodes for the current kernel...
[   21.853827] systemd[1]: Mounting Debug File System...
         Mounting Debug File System...
[   21.913998] systemd[1]: Listening on LVM2 poll daemon socket.
[[0;32m  OK  [0m] Listening on LVM2 poll daemon socket.
[   21.974746] systemd[1]: Reached target Slices.
[[0;32m  OK  [0m] Reached target Slices.
[   22.029931] systemd[1]: Starting Nameserver information manager...
         Starting Nameserver information manager...
[   22.114102] systemd[1]: Listening on udev Kernel Socket.
[[0;32m  OK  [0m] Listening on udev Kernel Socket.
[   22.254530] systemd[1]: Listening on Syslog Socket.
[[0;32m  OK  [0m] Listening on Syslog Socket.
[   22.378320] systemd[1]: Starting Journal Service...
         Starting Journal Service...
[   22.439559] systemd[1]: Set up automount Arbitrary Executable File Formats File System Automount Point.
[[0;32m  OK  [0m] Set up automount Arbitrary Executab...ats File System Automount Point.
[   22.542775] systemd[1]: Mounted POSIX Message Queue File System.
[[0;32m  OK  [0m] Mounted POSIX Message Queue File System.
[   22.674244] systemd[1]: Mounted Huge Pages File System.
[[0;32m  OK  [0m] Mounted Huge Pages File System.
[   22.733119] systemd[1]: Mounted Debug File System.
[[0;32m  OK  [0m] Mounted Debug File System.
[   22.746501] systemd[1]: Started Journal Service.
[[0;32m  OK  [0m] Started Journal Service.
[[0;32m  OK  [0m] Started Set console keymap.
[[0;32m  OK  [0m] Started Remount Root and Kernel File Systems.
[[0;32m  OK  [0m] Started Uncomplicated firewall.
[[0;32m  OK  [0m] Started Load Kernel Modules.
[[0;32m  OK  [0m] Started Create list of required sta...ce nodes for the current kernel.
[[0;32m  OK  [0m] Started Nameserver information manager.
[[0;32m  OK  [0m] Started LVM2 metadata daemon.
         Starting Create Static Device Nodes in /dev...
         Starting Apply Kernel Variables...
         Mounting FUSE Control File System...
         Starting Initial cloud-init job (pre-networking)...
         Starting Load/Save Random Seed...
         Starting udev Coldplug all Devices...
         Starting Flush Journal to Persistent Storage...
[[0;32m  OK  [0m] Mounted FUSE Control File System.
[[0;32m  OK  [0m] Started Monitoring of LVM2 mirrors,...ng dmeventd or progress polling.
[[0;32m  OK  [0m] Started Create Static Device Nodes in /dev.
[[0;32m  OK  [0m] Started Apply Kernel Variables.
[[0;32m  OK  [0m] Started Load/Save Random Seed.
[[0;32m  OK  [0m] Started Flush Journal to Persistent Storage.
[[0;32m  OK  [0m] Started udev Coldplug all Devices.
         Starting udev Kernel Device Manager...
[[0;32m  OK  [0m] Started udev Kernel Device Manager.
[[0;32m  OK  [0m] Started Dispatch Password Requests to Console Directory Watch.
[[0;32m  OK  [0m] Reached target Local File Systems (Pre).
[[0;32m  OK  [0m] Reached target Local File Systems.
         Starting Create Volatile Files and Directories...
         Starting LSB: AppArmor initialization...
         Starting Tell Plymouth To Write Out Runtime Data...
         Starting Commit a transient machine-id on disk...
         Starting Set console font and keymap...
[[0;32m  OK  [0m] Started Create Volatile Files and Directories.
[[0;32m  OK  [0m] Started Tell Plymouth To Write Out Runtime Data.
[[0;32m  OK  [0m] Started Commit a transient machine-id on disk.
[[0;32m  OK  [0m] Reached target System Time Synchronized.
         Starting Update UTMP about System Boot/Shutdown...
[[0;32m  OK  [0m] Started Update UTMP about System Boot/Shutdown.
[[0;32m  OK  [0m] Found device /dev/ttyS0.
[   17.765368] cloud-init[449]: Cloud-init v. 0.7.9 running 'init-local' at Mon, 07 Aug 2017 12:50:14 +0000. Up 17.08 seconds.
[[0;32m  OK  [0m] Listening on Load/Save RF Kill Switch Status /dev/rfkill Watch.
[[0;32m  OK  [0m] Started LSB: AppArmor initialization.
[[0;32m  OK  [0m] Started Initial cloud-init job (pre-networking).
[[0;32m  OK  [0m] Reached target Network (Pre).
         Starting Raise network interfaces...
[[0;32m  OK  [0m] Started Set console font and keymap.
[[0;32m  OK  [0m] Created slice system-getty.slice.
[[0;32m  OK  [0m] Started Raise network interfaces.
         Starting Initial cloud-init job (metadata service crawler)...
[[0;32m  OK  [0m] Reached target Network.
[   21.330718] cloud-init[956]: Cloud-init v. 0.7.9 running 'init' at Mon, 07 Aug 2017 12:50:17 +0000. Up 20.69 seconds.
[   21.348388] cloud-init[956]: ci-info: ++++++++++++++++++++++++++++++++++++++Net device info++++++++++++++++++++++++++++++++++++++
[   21.365568] cloud-init[956]: ci-info: +--------+-------+----------------------------+---------------+-------+-------------------+
[   21.381644] cloud-init[956]: ci-info: | Device |   Up  |          Address           |      Mask     | Scope |     Hw-Address    |
[   21.398706] cloud-init[956]: ci-info: +--------+-------+----------------------------+---------------+-------+-------------------+
[[0;32m  OK  [0m] Started Initial cloud-init job (metadata service crawler).
[   21.435602] cloud-init[956]: ci-info: | enp0s8 | False |             .              |       .       |   .   | 08:00:27:0d:77:e8 |
[   21.463220] [[0;32m  OK  [0m] Reached target System Initialization.
cloud-init[956]: ci-info: |   lo   |  True |         127.0.0.1          |   255.0.0.0   |   .   |         .         |
[   21.491598] [[0;32m  OK  [0m] Started Daily Cleanup of Temporary Directories.
cloud-init[956]: ci-info: |   lo   |  True |          ::1/128           |       .       |  host |         .         |
[   21.506427]          Starting LXD - unix socket.
         Starting Socket activation for snappy daemon.
[[0;32m  OK  [0m] Listening on UUID daemon activation socket.
cloud-init[956]: ci-info: | enp0s3 |  True |         10.0.2.15          | 255.255.255.0 |   .   | 02:c0:e2:3c:71:11 |
[[0;32m  OK  [0m] Listening on D-Bus System Message Bus Socket.
[   21.542877] cloud-init[[0;32m  OK  [0m] Started Timer to automatically refresh installed snaps.
[[0;32m  OK  [0m] Listening on ACPID Listen Socket.
[956]: ci-info: | enp0s3 |  True | fe80::c0:e2ff:fe3c:7111/64 |       .       |  link | 02:c0:e2:3c:71:11 |
[[0;32m  OK  [0m] Started ACPI Events Check.
[[0;32m  OK  [0m] Reached target Paths.
[[0;32m  OK  [0m] Reached target Cloud-config availability.
[[0;32m  OK  [0m] Reached target Network is Online.
[   21.573899] cloud-init[956]: ci-info: +--------+-------+----------------------------+---------------+-------+-------------------+
[   21.616992]          cloud-initStarting iSCSI initiator daemon (iscsid)...[956]: 
ci-info: +++++++++++++++++++++++++++Route IPv4 info++++++++++++++++++++++++++++
[   21.639095] [[0;32m  OK  [0m] Started Daily apt download activities.
[[0;32m  OK  [0m] Started Daily apt upgrade and clean activities.
[[0;32m  OK  [0m] Reached target Timers.
[[0;32m  OK  [0m] Listening on LXD - unix socket.
[[0;32m  OK  [0m] Listening on Socket activation for snappy daemon.
cloud-init[956]: ci-info: +-------+-------------+----------+---------------+-----------+-------+
[   21.795891] cloud-init[956]: ci-info: | Route | Destination | Gateway  |    Genmask    | Interface | Flags |
[   21.827279] cloud-init[956]: ci-info: +-------+-------------+----------+---------------+-----------+-------+
[[0;32m  OK  [0m] Started iSCSI initiator daemon (iscsid).
[   21.839601] cloud-init[956]: ci-info: |   0   |   0.0.0.0   | 10.0.2.2 |    0.0.0.0    |   enp0s3  |   UG  |
[   21.884556] cloud-init[956]: ci-info: |   1   |   10.0.2.0  | 0.0.0.0  | 255.255.255.0 |   enp0s3  |   U   |
[   21.916428] cloud-init[956]: ci-info: +-------+-------------+----------+---------------+-----------+-------+
         Starting Login to default iSCSI targets...
[[0;32m  OK  [0m] Reached target Sockets.
[[0;32m  OK  [0m] Reached target Basic System.
[   21.924378] cloud-init[956]: Generating public/private rsa key pair.
[   21.992503] [cloud-init[0;32m  OK  [0m[956]: ] Your identification has been saved in /etc/ssh/ssh_host_rsa_key.Started Regular background program processing daemon.

[   21.993417] cloud-init[956]: Your public key has been saved in /etc/ssh/ssh_host_rsa_key.pub.
[   22.018818] cloud-init[956]: The key fingerprint is:
[   22.020346] cloud-init[956]: SHA256:7iMjMWQufP83tQbV480yZIWKMwfeWEzv/yCb1yJYeJQ root@ubuntu-xenial
[   22.022345] cloud-init[956]: The key's randomart image is:
[   22.052915]          cloud-initStarting Accounts Service...[956]: 
+---[RSA 2048]----+
[   22.068467] cloud-init[956]: |           o.  . |         
Starting LSB: MD monitoring daemon...
[   22.069284] cloud-init[956]: |          . o.. .|
[   22.140608]          cloud-initStarting /etc/rc.local Compatibility...[956]: 
|         . * +.. |
[   22.176494]          cloud-initStarting LSB: Record successful boot for GRUB...[956]: 
|    o     * E.=  |
[[0;32m  OK  [0m] Started ACPI event daemon.
[   22.210658] cloud-init[956]: | . +    S  B +.+ |
[   22.263144]          cloud-initStarting System Logging Service...[956]: 
|  o =  .  o + +.o|
[   22.304648]          cloud-initStarting Login Service...[956]: 
|   o +  .  *...+.|
[   22.305378] cloud-init[956]: |    . +.. + ++o.o|
[   22.372636] cloud-init[956]: |     . +oo ooo ..|
         Starting Pollinate to seed the pseudo random number generator...
[   22.373569] cloud-init[956]: +----[SHA256]-----+
[   22.419006] cloud-init[956]: Generating public/private dsa key pair.
         Starting Apply the settings specified in cloud-config...
[   22.463235] cloud-init[956]: Your identification has been saved in /etc/ssh/ssh_host_dsa_key.
[[0;32m  OK  [0m] Started D-Bus System Message Bus.
[   22.565441] cloud-init[956]: Your public key has been saved in /etc/ssh/ssh_host_dsa_key.pub.
[[0;32m  OK  [0m] Started FUSE filesystem for LXC.
[   22.650014] cloud-init[956]: The key fingerprint is:
[   22.696543] cloud-init[956]: SHA256:uXPTq5HvfmTIFQIC0nQBwsq4pTyHzySQMwd2OzL1giI root@ubuntu-xenial
[[0;32m  OK  [0m] Started Deferred execution scheduler.
[[0;32m  OK  [0m] Started Unattended Upgrades Shutdown.
[   22.738666] cloud-init[956]: The key's randomart image is:
[   22.836744] [cloud-init[0;32m  OK  [0m[956]: ] +---[DSA 1024]----+Started Snappy daemon.

[   22.837730] cloud-init[956]: |   .oo+o+...     |
[   22.940442] cloud-init[956]: |.. o.o.. .  . .  |
[   22.979192] cloud-init[956]: |.=+.o        . . |
         Starting Auto import assertions from block devices...
[   23.002937] cloud-init[956]: |E+=+ .   .    .  |
[   23.044493] cloud-init[956]: |=B+ o   S  . o   |
         Starting LXD - container startup/shutdown...
[   23.045252] cloud-init[956]: |o= o     . oo o  |
[   23.120659] cloud-init[956]: |  B     o = .o   |
[[0;32m  OK  [0m] Started System Logging Service.
[   23.121274] cloud-init[956]: |   o     o + ..  |
[   23.180973] cloud-init[956]: |          .+=.   |
[[0;32m  OK  [0m] Started /etc/rc.local Compatibility.
[   23.211404] cloud-init[956]: +----[SHA256]-----+[[0;32m  OK  [0m] Started Pollinate to seed the pseudo random number generator.
[[0;32m  OK  [0m] Started Auto import assertions from block devices.
[[0;32m  OK  [0m] Started LXD - container startup/shutdown.

[   23.276945] cloud-init[956]: Generating public/private ecdsa key pair.
[   23.324762] [cloud-init[0;32m  OK  [0m[956]: ] Your identification has been saved in /etc/ssh/ssh_host_ecdsa_key.Started Login to default iSCSI targets.

[   23.352805] cloud-init[956]: Your public key has been saved in /etc/ssh/ssh_host_ecdsa_key.pub.
[   23.381239] cloud-init[956]: The key fingerprint is:
[   23.408546] [cloud-init[0;32m  OK  [0m[956]: ] SHA256:ivviKT1xYsjbALSlW0t7E+rxtI0+8I3okntw2XlSe50 root@ubuntu-xenialStarted LSB: Record successful boot for GRUB.

[[0;32m  OK  [0m] Started LSB: MD monitoring daemon.
[   23.409238] cloud-init[956]: The key's randomart image is:
[   23.437115] cloud-init[956]: +---[ECDSA 256]---+
[   23.449416] cloud-init[956]: |                 |
[   23.496431] [cloud-init[0;32m  OK  [0m[956]: ] | . .             |Started Login Service.

[   23.497374] cloud-init[956]: |. +              |
[   23.561223] cloud-init[956]: |.o o . .         |
[   23.566974] cloud-init[956]: | o+.* + S . .    |
[   23.570288] cloud-init[956]: | o+O+O.+ . E     |
[   23.574916]          cloud-initStarting Authenticate and Authorize Users to Run Privileged Tasks...[956]: 
|  =*X+@ .        |
[[0;32m  OK  [0m] Reached target Remote File Systems (Pre).
[   23.616298] [[0;32m  OK  [0m] Reached target Remote File Systems.
cloud-init[956]: | oo+=X o         |
         Starting LSB: Set the CPU Frequency Scaling governor to "ondemand"...
[   23.651982] cloud-init[956]: | .=+==o          |
[   23.690315] cloud-init[956]: +----[SHA256]-----+
[   23.690931] cloud-init[956]: Generating public/private ed25519 key pair.
         Starting Permit User Sessions...
[   23.691157] cloud-init[956]: Your identification has been saved in /etc/ssh/ssh_host_ed25519_key.
[   23.829326] cloud-init[956]: Your public key has been saved in /etc/ssh/ssh_host_ed25519_key.pub.
[   23.829759] cloud-init[956]: The key fingerprint is:
         Starting LSB: daemon to balance interrupts for SMP systems...
[   23.829993] cloud-init[956]: SHA256:pj4o7h0BKqOnKUe+nMtpe0Ptfqx6sST2O2UX16TnW/k root@ubuntu-xenial
[   24.108694] cloud-init[956]: The key's randomart image is:
         Starting LSB: automatic crash report generation...
[   24.110002] cloud-init[956]: +--[ED25519 256]--+
         Starting LSB: VirtualBox Linux Additions...
[   24.195721] cloud-init[956]: |                 |
[   24.256264] cloud-init[956]: |              .  |
[   24.256568] cloud-init[956]: |  .          +   |
[   24.257247] cloud-init[956]: | . .      . o o  |
         Starting OpenBSD Secure Shell server...
[   24.257725] cloud-init[956]: |+   ..  S  o o  .|
[[0;32m  OK  [0m] Started OpenBSD Secure Shell server.
[[0;32m  OK  [0m] Started Permit User Sessions.
[[0;32m  OK  [0m] Started Authenticate and Authorize Users to Run Privileged Tasks.
[   24.314483] cloud-init[956]: |o.. +.+oo .   ...|
[   24.404467] cloud-init[956]: |.o.o.*.* .     o.|
[[0;32m  OK  [0m] Started Accounts Service.
[   24.408354] cloud-init[956]: |.*=++oB o     . E|
[   24.446918] cloud-init[956]: |+=@*o==*         |
[   24.461427] cloud-init[956]: +----[SHA256]-----+
[[0;32m  OK  [0m] Started LSB: Set the CPU Frequency Scaling governor to "ondemand".
[   24.533410] cloud-init[1110]: Generating locales (this might take a while)...
         Starting Terminate Plymouth Boot Screen...
         Starting Hold until boot process finishes up...
[[0;32m  OK  [0m] Started LSB: daemon to balance interrupts for SMP systems.
[[0;32m  OK  [0m] Started LSB: automatic crash report generation.
[[0;32m  OK  [0m] Started LSB: VirtualBox Linux Additions.
[[0;32m  OK  [0m] Started Terminate Plymouth Boot Screen.
[[0;32m  OK  [0m] Started Hold until boot process finishes up.
[[0;32m  OK  [0m] Started Getty on tty1.
[[0;32m  OK  [0m] Started Serial Getty on ttyS0.
[[0;32m  OK  [0m] Reached target Login Prompts.
         Starting Set console scheme...
[[0;32m  OK  [0m] Reached target Multi-User System.
[[0;32m  OK  [0m] Reached target Graphical Interface.
         Starting Update UTMP about System Runlevel Changes...
[[0;32m  OK  [0m] Started Set console scheme.
[[0;32m  OK  [0m] Started Update UTMP about System Runlevel Changes.
[   25.171029] cloud-init[1110]:   en_US.UTF-8... done
[   25.181413] cloud-init[1110]: Generation complete.
         Stopping OpenBSD Secure Shell server...
[[0;32m  OK  [0m] Stopped OpenBSD Secure Shell server.
         Starting OpenBSD Secure Shell server...
[[0;32m  OK  [0m] Started OpenBSD Secure Shell server.
[[0;32m  OK  [0m] Created slice User Slice of ubuntu.
         Starting User Manager for UID 1000...
[[0;32m  OK  [0m] Started User Manager for UID 1000.
[[0;32m  OK  [0m] Started Session 1 of user ubuntu.
[   25.768850] cloud-init[1110]: Cloud-init v. 0.7.9 running 'modules:config' at Mon, 07 Aug 2017 12:50:20 +0000. Up 23.20 seconds.
[[0;32m  OK  [0m] Started Apply the settings specified in cloud-config.
         Starting Execute cloud user/final scripts...
ci-info: no authorized ssh keys fingerprints found for user ubuntu.
<14>Aug  7 12:50:23 ec2: 
<14>Aug  7 12:50:23 ec2: #############################################################
<14>Aug  7 12:50:23 ec2: -----BEGIN SSH HOST KEY FINGERPRINTS-----
<14>Aug  7 12:50:23 ec2: 1024 SHA256:uXPTq5HvfmTIFQIC0nQBwsq4pTyHzySQMwd2OzL1giI root@ubuntu-xenial (DSA)
<14>Aug  7 12:50:23 ec2: 256 SHA256:ivviKT1xYsjbALSlW0t7E+rxtI0+8I3okntw2XlSe50 root@ubuntu-xenial (ECDSA)
<14>Aug  7 12:50:23 ec2: 256 SHA256:pj4o7h0BKqOnKUe+nMtpe0Ptfqx6sST2O2UX16TnW/k root@ubuntu-xenial (ED25519)
<14>Aug  7 12:50:23 ec2: 2048 SHA256:7iMjMWQufP83tQbV480yZIWKMwfeWEzv/yCb1yJYeJQ root@ubuntu-xenial (RSA)
<14>Aug  7 12:50:23 ec2: -----END SSH HOST KEY FINGERPRINTS-----
<14>Aug  7 12:50:23 ec2: #############################################################
-----BEGIN SSH HOST KEY KEYS-----
ecdsa-sha2-nistp256 AAAAE2VjZHNhLXNoYTItbmlzdHAyNTYAAAAIbmlzdHAyNTYAAABBBGhLDyRXvIoA6usIIfTM6jBhXKcziAeJOvftDLBX8MrtcYDPLUBNZuNCYsh8eaE+ySyvSpsrjCuRMvZPH4aG508= root@ubuntu-xenial
ssh-ed25519 AAAAC3NzaC1lZDI1NTE5AAAAICoafOfj47UvExYTtwJA+9MtRJvZciPAQGlU9dl3j4Y0 root@ubuntu-xenial
ssh-rsa AAAAB3NzaC1yc2EAAAADAQABAAABAQDkfbqT3Mvi0jiEBb9iWduDOSVv5W9p3KImd65RmeuqQAFupGTWc8CPTDR+kH2BPJ8Xk/WUKdhKElFf1xP4wlhr7hjlbCvd511II0CEs7z/2lBiMyq2+BqgGe6PqhigmFwULGyIYuLlDm+Wv1P3KbT8oXM3JNYJ+okL0CwS61ApPEvyAeRqJ2lsejyo9QrOo4UR2dv04IdVIhvWKfIEEXPClda7NPW3XRuAbcAO8GY0sLeEyrqQDZqoLxh5V0smeN0jSZSjzBIcXprN/bw02/FFK/dt4Vy07rrNHwWYYd5CkzlBmHc7lJ/vm+k4fY4b80OoQfqALNzAl160nntQF/wd root@ubuntu-xenial
-----END SSH HOST KEY KEYS-----
[   26.989039] cloud-init[1391]: Cloud-init v. 0.7.9 running 'modules:final' at Mon, 07 Aug 2017 12:50:23 +0000. Up 26.34 seconds.
[   26.993393] cloud-init[1391]: ci-info: no authorized ssh keys fingerprints found for user ubuntu.
[   26.998151] cloud-init[1391]: Cloud-init v. 0.7.9 finished at Mon, 07 Aug 2017 12:50:24 +0000. Datasource DataSourceNoCloud [seed=/dev/sdb][dsmode=net].  Up 26.97 seconds
[[0;32m  OK  [0m] Started Execute cloud user/final scripts.
[[0;32m  OK  [0m] Reached target Cloud-init target.

Ubuntu 16.04.3 LTS ubuntu-xenial ttyS0

ubuntu-xenial login: 